process_radtags -P -p ./Pati/raw-data/Lib-1/raw/ -b ./Pati/raw-data/Lib-1/barcodes-Stef3-e.txt -o ./Pati/raw-data/Lib-1/process_rads_1e2/ -c -q -r -D --inline_index --renz_1 sphI --renz_2 mspI -i gzfastq
process_radtags version 1.35 executed 2015-11-26 18:13:19

File	Retained Reads	Low Quality	Ambiguous Barcodes	Ambiguous RAD-Tag	Total
Stef_3_ATCACG_L008_R1_001.fastq.gz	20822563	200058	0	11527	21034148

Total Sequences	21034148
Ambiguous Barcodes	0
Low Quality	200058
Ambiguous RAD-Tag	11527
Retained Reads	20822563

Barcode	Filename	Total	No RadTag	Low Quality	Retained
GCATG-ATCACG	Ch_316	690670	355	6729	683586
AACCA-ATCACG	Ch_317	3401552	1829	34772	3364951
CGATC-ATCACG	Ch_321	464116	214	4546	459356
TCGAT-ATCACG	Ch_322	696996	324	6736	689936
TGCAT-ATCACG	Ch_323	1482604	739	14869	1466996
CAACC-ATCACG	Ch_324	834360	402	8595	825363
GGTTG-ATCACG	Ch_325	274632	116	2181	272335
AAGGA-ATCACG	Ch_326	432868	772	3680	428416
AGCTA-ATCACG	Ch_327	0	0	0	0
ACACA-ATCACG	Ch_348	1789802	1126	19220	1769456
AATTA-ATCACG	Ch_349	2322324	1173	23859	2297292
ACGGT-ATCACG	Ch_352	2109048	865	16426	2091757
ACTGG-ATCACG	Ab_372	543532	326	5497	537709
ACTTC-ATCACG	Ab_374	712648	458	7207	704983
ATACG-ATCACG	Ab_375	127840	219	1476	126145
ATGAG-ATCACG	Ab_376	128790	229	1332	127229
ATTAC-ATCACG	AB_377	1539934	841	15692	1523401
CATAT-ATCACG	Ab_378	0	0	0	0
CGAAT-ATCACG	Ab_380	0	0	0	0
CGGCT-ATCACG	Ab_382	1218430	501	9332	1208597
CGGTA-ATCACG	Ab_383	1428966	600	10091	1418275
CGTAC-ATCACG	Ab_384	715920	346	6580	708994
CGTCG-ATCACG	Ab_405	0	0	0	0
CTGAT-ATCACG	Ab_407	0	0	0	0
CTGCG-ATCACG	Er_412	119116	92	1238	117786

Sequences not recorded
Barcode	Total
